<?xml version="1.0" encoding="UTF-8"?>
<testng-results skipped="0" failed="0" ignored="0" total="1" passed="1">
  <reporter-output>
  </reporter-output>
  <suite name="Suite" duration-ms="45282" started-at="2018-05-30T06:23:49Z" finished-at="2018-05-30T06:24:35Z">
    <groups>
      <group name="cucumber">
        <method signature="AbstractTestNGCucumberTests.feature(cucumber.api.testng.CucumberFeatureWrapper)[pri:0, instance:login.runner.LoginRunner@12843fce]" name="feature" class="cucumber.api.testng.AbstractTestNGCucumberTests"/>
      </group> <!-- cucumber -->
    </groups>
    <test name="Test" duration-ms="45282" started-at="2018-05-30T06:23:49Z" finished-at="2018-05-30T06:24:35Z">
      <class name="login.runner.LoginRunner">
        <test-method status="PASS" signature="setUpClass()[pri:0, instance:login.runner.LoginRunner@12843fce]" name="setUpClass" is-config="true" duration-ms="154" started-at="2018-05-30T06:23:49Z" finished-at="2018-05-30T06:23:49Z">
          <reporter-output>
          </reporter-output>
        </test-method> <!-- setUpClass -->
        <test-method status="PASS" signature="feature(cucumber.api.testng.CucumberFeatureWrapper)[pri:0, instance:login.runner.LoginRunner@12843fce]" name="feature" duration-ms="44853" started-at="2018-05-30T06:23:50Z" description="Runs Cucumber Feature" data-provider="features" finished-at="2018-05-30T06:24:34Z">
          <params>
            <param index="0">
              <value>
                <![CDATA[Ups Login Feature]]>
              </value>
            </param>
          </params>
          <reporter-output>
          </reporter-output>
        </test-method> <!-- feature -->
        <test-method status="PASS" signature="writeExtentReport()[pri:0, instance:login.runner.LoginRunner@12843fce]" name="writeExtentReport" is-config="true" duration-ms="10" started-at="2018-05-30T06:24:34Z" finished-at="2018-05-30T06:24:34Z">
          <reporter-output>
          </reporter-output>
        </test-method> <!-- writeExtentReport -->
        <test-method status="PASS" signature="tearDownClass()[pri:0, instance:login.runner.LoginRunner@12843fce]" name="tearDownClass" is-config="true" duration-ms="201" started-at="2018-05-30T06:24:34Z" finished-at="2018-05-30T06:24:35Z">
          <reporter-output>
          </reporter-output>
        </test-method> <!-- tearDownClass -->
      </class> <!-- login.runner.LoginRunner -->
    </test> <!-- Test -->
  </suite> <!-- Suite -->
</testng-results>
