<?xml version="1.0" encoding="UTF-8"?>
<testng-results skipped="0" failed="0" ignored="0" total="2" passed="2">
  <reporter-output>
  </reporter-output>
  <suite name="Suite" duration-ms="82673" started-at="2018-06-09T23:59:49Z" finished-at="2018-06-10T00:01:12Z">
    <groups>
      <group name="cucumber">
        <method signature="AbstractTestNGCucumberTests.feature(cucumber.api.testng.CucumberFeatureWrapper)[pri:0, instance:login.runner.LoginRunner@12843fce]" name="feature" class="cucumber.api.testng.AbstractTestNGCucumberTests"/>
      </group> <!-- cucumber -->
    </groups>
    <test name="Test" duration-ms="82673" started-at="2018-06-09T23:59:49Z" finished-at="2018-06-10T00:01:12Z">
      <class name="login.runner.LoginRunner">
        <test-method status="PASS" signature="setUpClass()[pri:0, instance:login.runner.LoginRunner@12843fce]" name="setUpClass" is-config="true" duration-ms="206" started-at="2018-06-09T23:59:49Z" finished-at="2018-06-09T23:59:49Z">
          <reporter-output>
          </reporter-output>
        </test-method> <!-- setUpClass -->
        <test-method status="PASS" signature="feature(cucumber.api.testng.CucumberFeatureWrapper)[pri:0, instance:login.runner.LoginRunner@12843fce]" name="feature" duration-ms="42431" started-at="2018-06-09T23:59:50Z" description="Runs Cucumber Feature" data-provider="features" finished-at="2018-06-10T00:00:32Z">
          <params>
            <param index="0">
              <value>
                <![CDATA[Ups Login Feature]]>
              </value>
            </param>
          </params>
          <reporter-output>
          </reporter-output>
        </test-method> <!-- feature -->
        <test-method status="PASS" signature="feature(cucumber.api.testng.CucumberFeatureWrapper)[pri:0, instance:login.runner.LoginRunner@12843fce]" name="feature" duration-ms="39489" started-at="2018-06-10T00:00:32Z" description="Runs Cucumber Feature" data-provider="features" finished-at="2018-06-10T00:01:11Z">
          <params>
            <param index="0">
              <value>
                <![CDATA[Login Feature For UPS]]>
              </value>
            </param>
          </params>
          <reporter-output>
          </reporter-output>
        </test-method> <!-- feature -->
        <test-method status="PASS" signature="writeExtentReport()[pri:0, instance:login.runner.LoginRunner@12843fce]" name="writeExtentReport" is-config="true" duration-ms="42" started-at="2018-06-10T00:01:11Z" finished-at="2018-06-10T00:01:11Z">
          <reporter-output>
          </reporter-output>
        </test-method> <!-- writeExtentReport -->
        <test-method status="PASS" signature="tearDownClass()[pri:0, instance:login.runner.LoginRunner@12843fce]" name="tearDownClass" is-config="true" duration-ms="426" started-at="2018-06-10T00:01:11Z" finished-at="2018-06-10T00:01:12Z">
          <reporter-output>
          </reporter-output>
        </test-method> <!-- tearDownClass -->
      </class> <!-- login.runner.LoginRunner -->
    </test> <!-- Test -->
  </suite> <!-- Suite -->
</testng-results>
