<?xml version="1.0" encoding="UTF-8"?>
<!-- Generated by org.testng.reporters.JUnitXMLReporter -->
<testsuite hostname="Automata" ignored="0" name="Test" tests="0" failures="0" timestamp="30 May 2018 03:33:46 GMT" time="0.341" errors="0">
  <testcase name="@AfterClass writeExtentReport" time="0.003" classname="login.runner.LoginRunner">
    <failure type="java.lang.NullPointerException">
      <![CDATA[java.lang.NullPointerException
at com.cucumber.listener.Reporter.loadXMLConfig(Reporter.java:56)
at login.runner.LoginRunner.writeExtentReport(LoginRunner.java:23)
... Removed 26 stack frames]]>
    </failure>
  </testcase> <!-- @AfterClass writeExtentReport -->
</testsuite> <!-- Test -->
